<?xml version="1.0" encoding="UTF-8" ?>
<testsuite failures="0" time="0.014" errors="0" skipped="0" tests="1" name="org.evoke.bonitasoft.deploy.AppTest">
  <properties>
    <property name="java.runtime.name" value="Java(TM) SE Runtime Environment"/>
    <property name="sun.boot.library.path" value="C:\Program Files\Java\jdk1.7.0_13\jre\bin"/>
    <property name="java.vm.version" value="23.7-b01"/>
    <property name="java.vm.vendor" value="Oracle Corporation"/>
    <property name="java.vendor.url" value="http://java.oracle.com/"/>
    <property name="path.separator" value=";"/>
    <property name="guice.disable.misplaced.annotation.check" value="true"/>
    <property name="java.vm.name" value="Java HotSpot(TM) 64-Bit Server VM"/>
    <property name="file.encoding.pkg" value="sun.io"/>
    <property name="user.script" value=""/>
    <property name="user.country" value="US"/>
    <property name="sun.java.launcher" value="SUN_STANDARD"/>
    <property name="sun.os.patch.level" value="Service Pack 1"/>
    <property name="java.vm.specification.name" value="Java Virtual Machine Specification"/>
    <property name="user.dir" value="X:\workspace\ggts-3.6.0.RELEASE-20141017\deploy-bonitasoft-maven-plugin"/>
    <property name="java.runtime.version" value="1.7.0_13-b20"/>
    <property name="java.awt.graphicsenv" value="sun.awt.Win32GraphicsEnvironment"/>
    <property name="java.endorsed.dirs" value="C:\Program Files\Java\jdk1.7.0_13\jre\lib\endorsed"/>
    <property name="os.arch" value="amd64"/>
    <property name="java.io.tmpdir" value="C:\Users\dyumkhai\AppData\Local\Temp\"/>
    <property name="line.separator" value="
"/>
    <property name="java.vm.specification.vendor" value="Oracle Corporation"/>
    <property name="user.variant" value=""/>
    <property name="os.name" value="Windows 7"/>
    <property name="classworlds.conf" value="X:\workspace\ggts-3.6.0.RELEASE-20141017\.metadata\.plugins\org.eclipse.m2e.launching\launches\m2conf6281081514902281532.tmp"/>
    <property name="sun.jnu.encoding" value="Cp1252"/>
    <property name="java.library.path" value="C:\Program Files\Java\jdk1.7.0_13\bin;C:\Windows\Sun\Java\bin;C:\Windows\system32;C:\Windows;C:\Program Files (x86)\Windows Resource Kits\Tools\;C:\Windows\system32;C:\Windows;C:\Windows\System32\Wbem;C:\Windows\System32\WindowsPowerShell\v1.0\;C:\Program Files\Citrix\System32\;C:\Program Files\TortoiseSVN\bin;C:\Program Files\Citrix\ICAService\;C:\Program Files (x86)\VisualSVN Server\bin;C:\Program Files\PolicyPak\;C:\Program Files\Java\jdk1.6.0_45\bin;X:\tools\GGTS-3.5.0.M2\ggts-bundle\grails-2.3.5\bin;X:\tools\apache-maven-3.2.1\bin;X:\tools\apache-ant-1.9.3\bin;X:\tools\axis2-1.6.2\bin;X:\tools\gradle-2.0\bin;."/>
    <property name="java.specification.name" value="Java Platform API Specification"/>
    <property name="java.class.version" value="51.0"/>
    <property name="sun.management.compiler" value="HotSpot 64-Bit Tiered Compilers"/>
    <property name="os.version" value="6.1"/>
    <property name="user.home" value="C:\Users\dyumkhai"/>
    <property name="user.timezone" value="Asia/Calcutta"/>
    <property name="java.awt.printerjob" value="sun.awt.windows.WPrinterJob"/>
    <property name="java.specification.version" value="1.7"/>
    <property name="file.encoding" value="Cp1252"/>
    <property name="user.name" value="dyumkhai"/>
    <property name="java.class.path" value="/X:/tools/ggts-3.6.0.RELEASE/ggts-3.6.0.RELEASE/plugins/org.eclipse.m2e.maven.runtime_1.5.0.20140605-2032/jars/plexus-classworlds-2.5.1.jar"/>
    <property name="org.slf4j.simpleLogger.defaultLogLevel" value="info"/>
    <property name="java.vm.specification.version" value="1.7"/>
    <property name="sun.arch.data.model" value="64"/>
    <property name="java.home" value="C:\Program Files\Java\jdk1.7.0_13\jre"/>
    <property name="sun.java.command" value="org.codehaus.plexus.classworlds.launcher.Launcher -B clean install"/>
    <property name="java.specification.vendor" value="Oracle Corporation"/>
    <property name="user.language" value="en"/>
    <property name="awt.toolkit" value="sun.awt.windows.WToolkit"/>
    <property name="java.vm.info" value="mixed mode"/>
    <property name="java.version" value="1.7.0_13"/>
    <property name="java.ext.dirs" value="C:\Program Files\Java\jdk1.7.0_13\jre\lib\ext;C:\Windows\Sun\Java\lib\ext"/>
    <property name="sun.boot.class.path" value="C:\Program Files\Java\jdk1.7.0_13\jre\lib\resources.jar;C:\Program Files\Java\jdk1.7.0_13\jre\lib\rt.jar;C:\Program Files\Java\jdk1.7.0_13\jre\lib\sunrsasign.jar;C:\Program Files\Java\jdk1.7.0_13\jre\lib\jsse.jar;C:\Program Files\Java\jdk1.7.0_13\jre\lib\jce.jar;C:\Program Files\Java\jdk1.7.0_13\jre\lib\charsets.jar;C:\Program Files\Java\jdk1.7.0_13\jre\lib\jfr.jar;C:\Program Files\Java\jdk1.7.0_13\jre\classes"/>
    <property name="java.vendor" value="Oracle Corporation"/>
    <property name="maven.home" value="X:\workspace\ggts-3.6.0.RELEASE-20141017\deploy-bonitasoft-maven-plugin\EMBEDDED"/>
    <property name="file.separator" value="\"/>
    <property name="java.vendor.url.bug" value="http://bugreport.sun.com/bugreport/"/>
    <property name="sun.cpu.endian" value="little"/>
    <property name="sun.io.unicode.encoding" value="UnicodeLittle"/>
    <property name="sun.desktop" value="windows"/>
    <property name="sun.cpu.isalist" value="amd64"/>
  </properties>
  <testcase time="0.014" classname="org.evoke.bonitasoft.deploy.AppTest" name="testApp"/>
</testsuite>